Unity Editor version:    2020.3.40f1 (ba48d4efcef1)
Branch:                  2020.3/staging
Build type:              Release
Batch mode:              YES
macOS version:           Version 14.0 (Build 23A344)
Darwin version:          23.0.0
Architecture:            x86_64
Running under Rosetta:   YES
Available memory:        32768 MB
Using pre-set license
Pro License: NO

COMMAND LINE ARGUMENTS:
/Volumes/Softwares/Install_Softwares/Unity Softwares/2020.3.40f1/Unity.app/Contents/MacOS/Unity
-adb2
-batchMode
-noUpm
-name
AssetImportWorker0
-projectPath
/Volumes/Storage/Projects/Learning/Unity Class
-logFile
Logs/AssetImportWorker0.log
-srvPort
49775
Successfully changed project path to: /Volumes/Storage/Projects/Learning/Unity Class
/Volumes/Storage/Projects/Learning/Unity Class
Using Asset Import Pipeline V2.
Refreshing native plugins compatible for Editor in 47.39 ms, found 2 plugins.
Preloading 0 native plugins for Editor in 0.00 ms.
Initialize engine version: 2020.3.40f1 (ba48d4efcef1)
[Subsystems] Discovering subsystems at path /Volumes/Softwares/Install_Softwares/Unity Softwares/2020.3.40f1/Unity.app/Contents/Resources/UnitySubsystems
[Subsystems] Discovering subsystems at path /Volumes/Storage/Projects/Learning/Unity Class/Assets
GfxDevice: creating device client; threaded=0
2023-10-31 07:07:08.308 Unity[1283:26471] (null) preferred device: Apple M1 Max (high power)
2023-10-31 07:07:08.308 Unity[1283:26471] Metal devices available: 1
2023-10-31 07:07:08.308 Unity[1283:26471] 0: Apple M1 Max (high power)
2023-10-31 07:07:08.308 Unity[1283:26471] Using device Apple M1 Max (high power)
Initializing Metal device caps: Apple M1 Max
Initialize mono
Mono path[0] = '/Volumes/Softwares/Install_Softwares/Unity Softwares/2020.3.40f1/Unity.app/Contents/Managed'
Mono path[1] = '/Volumes/Softwares/Install_Softwares/Unity Softwares/2020.3.40f1/Unity.app/Contents/MonoBleedingEdge/lib/mono/unityjit'
Mono config path = '/Volumes/Softwares/Install_Softwares/Unity Softwares/2020.3.40f1/Unity.app/Contents/MonoBleedingEdge/etc'
Using monoOptions --debugger-agent=transport=dt_socket,embedding=1,server=y,suspend=n,address=127.0.0.1:56283
Begin MonoManager ReloadAssembly
Registering precompiled unity dll's ...
Register platform support module: /Volumes/Softwares/Install_Softwares/Unity Softwares/2020.3.40f1/Unity.app/Contents/PlaybackEngines/MacStandaloneSupport/UnityEditor.OSXStandalone.Extensions.dll
Registered in 0.000320 seconds.
Native extension for OSXStandalone target not found
Refreshing native plugins compatible for Editor in 50.72 ms, found 2 plugins.
Preloading 0 native plugins for Editor in 0.00 ms.
Mono: successfully reloaded assembly
- Completed reload, in  1.196 seconds
Domain Reload Profiling:
	ReloadAssembly (1197ms)
		BeginReloadAssembly (80ms)
			ExecutionOrderSort (0ms)
			DisableScriptedObjects (0ms)
			BackupInstance (0ms)
			ReleaseScriptingObjects (0ms)
			CreateAndSetChildDomain (3ms)
		EndReloadAssembly (1013ms)
			LoadAssemblies (77ms)
			RebuildTransferFunctionScriptingTraits (0ms)
			SetupTypeCache (160ms)
			ReleaseScriptCaches (0ms)
			RebuildScriptCaches (34ms)
			SetupLoadedEditorAssemblies (538ms)
				LogAssemblyErrors (0ms)
				InitializePlatformSupportModulesInManaged (12ms)
				SetLoadedEditorAssemblies (1ms)
				RefreshPlugins (51ms)
				BeforeProcessingInitializeOnLoad (67ms)
				ProcessInitializeOnLoadAttributes (304ms)
				ProcessInitializeOnLoadMethodAttributes (102ms)
				AfterProcessingInitializeOnLoad (0ms)
				EditorAssembliesLoaded (1ms)
			ExecutionOrderSort2 (0ms)
			AwakeInstancesAfterBackupRestoration (0ms)
Platform modules already initialized, skipping
Registering precompiled user dll's ...
Registered in 0.000989 seconds.
Begin MonoManager ReloadAssembly
Native extension for OSXStandalone target not found
Refreshing native plugins compatible for Editor in 46.86 ms, found 2 plugins.
Preloading 0 native plugins for Editor in 0.00 ms.
Mono: successfully reloaded assembly
- Completed reload, in  2.134 seconds
Domain Reload Profiling:
	ReloadAssembly (2136ms)
		BeginReloadAssembly (224ms)
			ExecutionOrderSort (0ms)
			DisableScriptedObjects (31ms)
			BackupInstance (0ms)
			ReleaseScriptingObjects (0ms)
			CreateAndSetChildDomain (26ms)
		EndReloadAssembly (1830ms)
			LoadAssemblies (182ms)
			RebuildTransferFunctionScriptingTraits (0ms)
			SetupTypeCache (309ms)
			ReleaseScriptCaches (1ms)
			RebuildScriptCaches (47ms)
			SetupLoadedEditorAssemblies (1024ms)
				LogAssemblyErrors (0ms)
				InitializePlatformSupportModulesInManaged (10ms)
				SetLoadedEditorAssemblies (1ms)
				RefreshPlugins (47ms)
				BeforeProcessingInitializeOnLoad (180ms)
				ProcessInitializeOnLoadAttributes (724ms)
				ProcessInitializeOnLoadMethodAttributes (60ms)
				AfterProcessingInitializeOnLoad (1ms)
				EditorAssembliesLoaded (0ms)
			ExecutionOrderSort2 (0ms)
			AwakeInstancesAfterBackupRestoration (5ms)
Platform modules already initialized, skipping
Validating Project structure ... 0.000809 seconds.
Shader import version has changed; will reimport all shaders...
Upgrading shader files ...0.009067 seconds.
Application.AssetDatabase Initial Script Refresh Start
RefreshInfo: InitialScriptRefreshV2(NoUpdateAssetOptions) scanfilter:  ... 1 filters
RefreshProfiler: Total: 0.000ms
Application.AssetDatabase Initial Script Refresh End
Application.AssetDatabase.Refresh Start
Application.AssetDatabase.Refresh End
RefreshInfo: StopAssetImportingV2(ForceSynchronousImport) scanfilter: 
RefreshProfiler: Total: 0.000ms
Launching external process: /Volumes/Softwares/Install_Softwares/Unity Softwares/2020.3.40f1/Unity.app/Contents/Tools/UnityShaderCompiler
Launched and connected shader compiler UnityShaderCompiler after 0.03 seconds
Initializing Unity extensions:
2023-10-31 07:07:12.623 Unity[1283:26471] NSEventModifierFlagFunction specified to -setKeyEquivalentModifierMask: for item <NSMenuItem: 0x7fec1a81a080 Font Asset, ke='Command-F12'>, but is only supported for system-provided menu items; will not be used
2023-10-31 07:07:12.626 Unity[1283:26471] NSEventModifierFlagFunction specified to -setKeyEquivalentModifierMask: for item <NSMenuItem: 0x7fec1a81da20 Font Asset, ke='Command-F12'>, but is only supported for system-provided menu items; will not be used
========================================================================
Worker process is ready to serve import requests
Refreshing native plugins compatible for Editor in 0.52 ms, found 2 plugins.
Preloading 0 native plugins for Editor in 0.00 ms.
Unloading 2856 Unused Serialized files (Serialized files now loaded: 0)
System memory in use before: 123.6 MB.
System memory in use after: 123.5 MB.

Unloading 120 unused Assets to reduce memory usage. Loaded Objects now: 3335.
Total: 2.546542 ms (FindLiveObjects: 0.128333 ms CreateObjectMapping: 0.062292 ms MarkObjects: 2.137459 ms  DeleteObjects: 0.217625 ms)

AssetImportParameters requested are different than current active one (requested -> active):
  custom:video-decoder-ogg-theora: a1e56fd34408186e4bbccfd4996cb3dc -> 
  custom:container-muxer-webm: aa71ff27fc2769a1b78a27578f13a17b -> 
  custom:container-demuxer-webm: 4f35f7cbe854078d1ac9338744f61a02 -> 
  custom:container-demuxer-ogg: 62fdf1f143b41e24485cea50d1cbac27 -> 
  custom:video-encoder-webm-vp8: eb34c28f22e8b96e1ab97ce403110664 -> 
  custom:framework-osx-AVFoundation: e770b220cccbd017edd2c1fefb359320 -> 
  custom:video-decoder-webm-vp8: 9c59270c3fd7afecdb556c50c9e8de78 -> 
  custom:audio-decoder-ogg-vorbis: bf7c407c2cedff20999df2af8eb42d56 -> 
  custom:audio-encoder-webm-vorbis: bf7c407c2cedff20999df2af8eb42d56 -> 
========================================================================
Received Import Request.
  path: Assets/Sprites/Player Display.renderTexture
  artifactKey: Guid(9e82a50b2e47e4fa4a9c1562df34d9a7) Importer(815301076,1909f56bfc062723c751e8b465ee728b)
Start importing Assets/Sprites/Player Display.renderTexture using Guid(9e82a50b2e47e4fa4a9c1562df34d9a7) Importer(815301076,1909f56bfc062723c751e8b465ee728b)  -> (artifact id: '6d3de02b0062c81ca0aa9a830cfdbc69') in 0.642921 seconds 
========================================================================
Received Import Request.
  Time since last request: 157.242599 seconds.
  path: ProjectSettings/TagManager.asset
  artifactKey: Guid(00000000000000003000000000000000) Importer(815301076,1909f56bfc062723c751e8b465ee728b)
Start importing ProjectSettings/TagManager.asset using Guid(00000000000000003000000000000000) Importer(815301076,1909f56bfc062723c751e8b465ee728b)  -> (artifact id: 'fc42e30003074059bef8fb59cba1b257') in 0.240646 seconds 
========================================================================
Received Import Request.
  Time since last request: 266.778785 seconds.
  path: Packages/com.unity.render-pipelines.core/Editor/LookDev/Icons/Add@2x.png
  artifactKey: Guid(79aba0b290c471c4ba3d3f818d4e9b15) Importer(815301076,1909f56bfc062723c751e8b465ee728b)
Start importing Packages/com.unity.render-pipelines.core/Editor/LookDev/Icons/Add@2x.png using Guid(79aba0b290c471c4ba3d3f818d4e9b15) Importer(815301076,1909f56bfc062723c751e8b465ee728b)  -> (artifact id: '23e001685b96f4c6ff202aa63c431c01') in 0.442288 seconds 
========================================================================
Received Import Request.
  Time since last request: 0.000282 seconds.
  path: Packages/com.unity.render-pipelines.core/Editor/Resources/Advanced_UnPressed_mini.png
  artifactKey: Guid(ad4dcac393f63f3468f6d9ff1652732e) Importer(815301076,1909f56bfc062723c751e8b465ee728b)
Start importing Packages/com.unity.render-pipelines.core/Editor/Resources/Advanced_UnPressed_mini.png using Guid(ad4dcac393f63f3468f6d9ff1652732e) Importer(815301076,1909f56bfc062723c751e8b465ee728b)  -> (artifact id: '824a3f7959c05293dcec6f7055b7da08') in 0.012660 seconds 
========================================================================
Received Import Request.
  Time since last request: 0.000216 seconds.
  path: Packages/com.unity.collab-proxy/Editor/PlasticSCM/Assets/Images/buttonssosigninunity.png
  artifactKey: Guid(f9161c6c9e06dc445ada3ee16d991f90) Importer(815301076,1909f56bfc062723c751e8b465ee728b)
Start importing Packages/com.unity.collab-proxy/Editor/PlasticSCM/Assets/Images/buttonssosigninunity.png using Guid(f9161c6c9e06dc445ada3ee16d991f90) Importer(815301076,1909f56bfc062723c751e8b465ee728b)  -> (artifact id: '357440f7377a77078cd60f27f8424a28') in 0.013352 seconds 
========================================================================
Received Import Request.
  Time since last request: 0.000248 seconds.
  path: Packages/com.unity.render-pipelines.core/Editor/LookDev/Icons/Camera1.png
  artifactKey: Guid(2384eb5de05269b44a58f8dd1d83d725) Importer(815301076,1909f56bfc062723c751e8b465ee728b)
Start importing Packages/com.unity.render-pipelines.core/Editor/LookDev/Icons/Camera1.png using Guid(2384eb5de05269b44a58f8dd1d83d725) Importer(815301076,1909f56bfc062723c751e8b465ee728b)  -> (artifact id: '8d14003b189f495a18cd9d6e523f111b') in 0.010563 seconds 
========================================================================
Received Import Request.
  Time since last request: 0.000242 seconds.
  path: Packages/com.unity.collab-proxy/Editor/PlasticSCM/Assets/Images/buttonssosigninemail.png
  artifactKey: Guid(d24e7e0b75e1a244bb9687d6fd4315ef) Importer(815301076,1909f56bfc062723c751e8b465ee728b)
Start importing Packages/com.unity.collab-proxy/Editor/PlasticSCM/Assets/Images/buttonssosigninemail.png using Guid(d24e7e0b75e1a244bb9687d6fd4315ef) Importer(815301076,1909f56bfc062723c751e8b465ee728b)  -> (artifact id: '8bc2bce823735ec8af6edea3de8c23f1') in 0.009906 seconds 
========================================================================
Received Import Request.
  Time since last request: 0.000220 seconds.
  path: Packages/com.unity.collab-proxy/Editor/PlasticSCM/Assets/Images/buttonssosigninemail@2x.png
  artifactKey: Guid(ddf2e76e8a1f88f46ae1e42277850b48) Importer(815301076,1909f56bfc062723c751e8b465ee728b)
Start importing Packages/com.unity.collab-proxy/Editor/PlasticSCM/Assets/Images/buttonssosigninemail@2x.png using Guid(ddf2e76e8a1f88f46ae1e42277850b48) Importer(815301076,1909f56bfc062723c751e8b465ee728b)  -> (artifact id: '96047630e844f05ad898ff3d52592e93') in 0.010701 seconds 
========================================================================
Received Import Request.
  Time since last request: 0.000239 seconds.
  path: Packages/com.unity.render-pipelines.core/Editor/Resources/Advanced_Pressed_mini.png
  artifactKey: Guid(3e471b9fad7264146aa03aca58b27957) Importer(815301076,1909f56bfc062723c751e8b465ee728b)
Start importing Packages/com.unity.render-pipelines.core/Editor/Resources/Advanced_Pressed_mini.png using Guid(3e471b9fad7264146aa03aca58b27957) Importer(815301076,1909f56bfc062723c751e8b465ee728b)  -> (artifact id: '0c12401fded438d1731fa53cb63d56b9') in 0.009892 seconds 
========================================================================
Received Import Request.
  Time since last request: 0.000173 seconds.
  path: Packages/com.unity.collab-proxy/Editor/PlasticSCM/Assets/Images/buttonssosigningoogle.png
  artifactKey: Guid(f09eae8c0ea04254b90c5386a034a225) Importer(815301076,1909f56bfc062723c751e8b465ee728b)
Start importing Packages/com.unity.collab-proxy/Editor/PlasticSCM/Assets/Images/buttonssosigningoogle.png using Guid(f09eae8c0ea04254b90c5386a034a225) Importer(815301076,1909f56bfc062723c751e8b465ee728b)  -> (artifact id: '4992664e505b7a38cb5f5e8a3b66cd4d') in 0.010642 seconds 
========================================================================
Received Import Request.
  Time since last request: 0.790129 seconds.
  path: Packages/com.unity.render-pipelines.core/Editor/LookDev/Icons/Add.png
  artifactKey: Guid(cbaeed03e5416aa4bae23110b63a0c7d) Importer(815301076,1909f56bfc062723c751e8b465ee728b)
Start importing Packages/com.unity.render-pipelines.core/Editor/LookDev/Icons/Add.png using Guid(cbaeed03e5416aa4bae23110b63a0c7d) Importer(815301076,1909f56bfc062723c751e8b465ee728b)  -> (artifact id: '9ddbc55a7fa6ebc7af31a2403f7d1081') in 0.013722 seconds 
========================================================================
Received Prepare
Registering precompiled user dll's ...
Registered in 0.001094 seconds.
Begin MonoManager ReloadAssembly
Native extension for OSXStandalone target not found
Refreshing native plugins compatible for Editor in 0.50 ms, found 2 plugins.
Preloading 0 native plugins for Editor in 0.00 ms.
2023-10-31 07:29:35.654 Unity[1283:26471] NSEventModifierFlagFunction specified to -setKeyEquivalentModifierMask: for item <NSMenuItem: 0x7fec0cec8d50 Font Asset, ke='Command-F12'>, but is only supported for system-provided menu items; will not be used
Mono: successfully reloaded assembly
- Completed reload, in  2.157 seconds
Domain Reload Profiling:
	ReloadAssembly (2158ms)
		BeginReloadAssembly (182ms)
			ExecutionOrderSort (0ms)
			DisableScriptedObjects (29ms)
			BackupInstance (0ms)
			ReleaseScriptingObjects (0ms)
			CreateAndSetChildDomain (54ms)
		EndReloadAssembly (1894ms)
			LoadAssemblies (176ms)
			RebuildTransferFunctionScriptingTraits (0ms)
			SetupTypeCache (308ms)
			ReleaseScriptCaches (1ms)
			RebuildScriptCaches (40ms)
			SetupLoadedEditorAssemblies (1012ms)
				LogAssemblyErrors (0ms)
				InitializePlatformSupportModulesInManaged (10ms)
				SetLoadedEditorAssemblies (2ms)
				RefreshPlugins (1ms)
				BeforeProcessingInitializeOnLoad (237ms)
				ProcessInitializeOnLoadAttributes (709ms)
				ProcessInitializeOnLoadMethodAttributes (53ms)
				AfterProcessingInitializeOnLoad (1ms)
				EditorAssembliesLoaded (0ms)
			ExecutionOrderSort2 (0ms)
			AwakeInstancesAfterBackupRestoration (18ms)
Platform modules already initialized, skipping
Refreshing native plugins compatible for Editor in 0.46 ms, found 2 plugins.
Preloading 0 native plugins for Editor in 0.00 ms.
Unloading 2727 Unused Serialized files (Serialized files now loaded: 0)
System memory in use before: 286.8 MB.
System memory in use after: 287.0 MB.

Unloading 14 unused Assets to reduce memory usage. Loaded Objects now: 3354.
Total: 2.200375 ms (FindLiveObjects: 0.105333 ms CreateObjectMapping: 0.059667 ms MarkObjects: 2.013666 ms  DeleteObjects: 0.021125 ms)

AssetImportParameters requested are different than current active one (requested -> active):
  custom:video-decoder-ogg-theora: a1e56fd34408186e4bbccfd4996cb3dc -> 
  custom:container-muxer-webm: aa71ff27fc2769a1b78a27578f13a17b -> 
  custom:container-demuxer-webm: 4f35f7cbe854078d1ac9338744f61a02 -> 
  custom:container-demuxer-ogg: 62fdf1f143b41e24485cea50d1cbac27 -> 
  custom:video-encoder-webm-vp8: eb34c28f22e8b96e1ab97ce403110664 -> 
  custom:framework-osx-AVFoundation: e770b220cccbd017edd2c1fefb359320 -> 
  custom:video-decoder-webm-vp8: 9c59270c3fd7afecdb556c50c9e8de78 -> 
  custom:audio-decoder-ogg-vorbis: bf7c407c2cedff20999df2af8eb42d56 -> 
  custom:audio-encoder-webm-vorbis: bf7c407c2cedff20999df2af8eb42d56 -> 
========================================================================
Received Import Request.
  Time since last request: 1060.321876 seconds.
  path: Assets/Sprites/Player Display.renderTexture
  artifactKey: Guid(9e82a50b2e47e4fa4a9c1562df34d9a7) Importer(815301076,1909f56bfc062723c751e8b465ee728b)
Start importing Assets/Sprites/Player Display.renderTexture using Guid(9e82a50b2e47e4fa4a9c1562df34d9a7) Importer(815301076,1909f56bfc062723c751e8b465ee728b)  -> (artifact id: 'bbdaced3c7eba1441ef7214b40fd3b36') in 0.082024 seconds 
========================================================================
Received Import Request.
  Time since last request: 1145.169290 seconds.
  path: Assets/Character/Material/Beta_HighLimbsGeoSG3.mat
  artifactKey: Guid(d743080ccb1c14caa92161fe04f23180) Importer(815301076,1909f56bfc062723c751e8b465ee728b)
Start importing Assets/Character/Material/Beta_HighLimbsGeoSG3.mat using Guid(d743080ccb1c14caa92161fe04f23180) Importer(815301076,1909f56bfc062723c751e8b465ee728b)  -> (artifact id: 'e72b73961e46e0c584d514084d1bfef6') in 0.446975 seconds 
========================================================================
Received Import Request.
  Time since last request: 0.000223 seconds.
  path: Assets/Materials/Character Display.mat
  artifactKey: Guid(fe0b06fac84a74e8a913376f0f645114) Importer(815301076,1909f56bfc062723c751e8b465ee728b)
Start importing Assets/Materials/Character Display.mat using Guid(fe0b06fac84a74e8a913376f0f645114) Importer(815301076,1909f56bfc062723c751e8b465ee728b)  -> (artifact id: 'ee27c898995b8e415e34afbb3bef7d00') in 0.024378 seconds 
========================================================================
Received Import Request.
  Time since last request: 0.000309 seconds.
  path: Assets/TextMesh Pro/Resources/Style Sheets/Default Style Sheet.asset
  artifactKey: Guid(f952c082cb03451daed3ee968ac6c63e) Importer(815301076,1909f56bfc062723c751e8b465ee728b)
Start importing Assets/TextMesh Pro/Resources/Style Sheets/Default Style Sheet.asset using Guid(f952c082cb03451daed3ee968ac6c63e) Importer(815301076,1909f56bfc062723c751e8b465ee728b)  -> (artifact id: '5ba013c7f3632b37cd0c80753ad40780') in 0.003083 seconds 
========================================================================
Received Import Request.
  Time since last request: 0.000251 seconds.
  path: Assets/TextMesh Pro/Resources/Fonts & Materials/LiberationSans SDF - Drop Shadow.mat
  artifactKey: Guid(e73a58f6e2794ae7b1b7e50b7fb811b0) Importer(815301076,1909f56bfc062723c751e8b465ee728b)
Start importing Assets/TextMesh Pro/Resources/Fonts & Materials/LiberationSans SDF - Drop Shadow.mat using Guid(e73a58f6e2794ae7b1b7e50b7fb811b0) Importer(815301076,1909f56bfc062723c751e8b465ee728b)  -> (artifact id: '17f57fe8dc4c9ae30de38a2da0d89f10') in 0.175441 seconds 
========================================================================
Received Import Request.
  Time since last request: 0.000177 seconds.
  path: Assets/Settings/UniversalRP-HighQuality.asset
  artifactKey: Guid(19ba41d7c0026c3459d37c2fe90c55a0) Importer(815301076,1909f56bfc062723c751e8b465ee728b)
Start importing Assets/Settings/UniversalRP-HighQuality.asset using Guid(19ba41d7c0026c3459d37c2fe90c55a0) Importer(815301076,1909f56bfc062723c751e8b465ee728b)  -> (artifact id: '02e18c1f933b70f494440bf5e7626866') in 0.001403 seconds 
========================================================================
Received Import Request.
  Time since last request: 369.843195 seconds.
  path: Assets/Character/Silly Dancing.fbx
  artifactKey: Guid(7f948014c4efb4e39b96c29e21d7cc47) Importer(815301076,1909f56bfc062723c751e8b465ee728b)
Start importing Assets/Character/Silly Dancing.fbx using Guid(7f948014c4efb4e39b96c29e21d7cc47) Importer(815301076,1909f56bfc062723c751e8b465ee728b)  -> (artifact id: 'bd75e5340a3fd845406cd1f29115d550') in 0.221273 seconds 
========================================================================
Received Prepare
Registering precompiled user dll's ...
Registered in 0.001274 seconds.
Begin MonoManager ReloadAssembly
Native extension for OSXStandalone target not found
Refreshing native plugins compatible for Editor in 0.53 ms, found 2 plugins.
Preloading 0 native plugins for Editor in 0.00 ms.
2023-10-31 07:59:57.646 Unity[1283:26471] NSEventModifierFlagFunction specified to -setKeyEquivalentModifierMask: for item <NSMenuItem: 0x7fec0c9c9db0 Font Asset, ke='Command-F12'>, but is only supported for system-provided menu items; will not be used
Mono: successfully reloaded assembly
- Completed reload, in  2.467 seconds
Domain Reload Profiling:
	ReloadAssembly (2468ms)
		BeginReloadAssembly (222ms)
			ExecutionOrderSort (0ms)
			DisableScriptedObjects (39ms)
			BackupInstance (0ms)
			ReleaseScriptingObjects (0ms)
			CreateAndSetChildDomain (60ms)
		EndReloadAssembly (2155ms)
			LoadAssemblies (199ms)
			RebuildTransferFunctionScriptingTraits (0ms)
			SetupTypeCache (326ms)
			ReleaseScriptCaches (1ms)
			RebuildScriptCaches (45ms)
			SetupLoadedEditorAssemblies (1134ms)
				LogAssemblyErrors (0ms)
				InitializePlatformSupportModulesInManaged (11ms)
				SetLoadedEditorAssemblies (2ms)
				RefreshPlugins (1ms)
				BeforeProcessingInitializeOnLoad (265ms)
				ProcessInitializeOnLoadAttributes (791ms)
				ProcessInitializeOnLoadMethodAttributes (62ms)
				AfterProcessingInitializeOnLoad (1ms)
				EditorAssembliesLoaded (1ms)
			ExecutionOrderSort2 (0ms)
			AwakeInstancesAfterBackupRestoration (38ms)
Platform modules already initialized, skipping
Refreshing native plugins compatible for Editor in 0.60 ms, found 2 plugins.
Preloading 0 native plugins for Editor in 0.00 ms.
Unloading 2728 Unused Serialized files (Serialized files now loaded: 0)
System memory in use before: 398.6 MB.
System memory in use after: 398.9 MB.

Unloading 12 unused Assets to reduce memory usage. Loaded Objects now: 3438.
Total: 2.713166 ms (FindLiveObjects: 0.157375 ms CreateObjectMapping: 0.068042 ms MarkObjects: 2.449750 ms  DeleteObjects: 0.037041 ms)

AssetImportParameters requested are different than current active one (requested -> active):
  custom:video-decoder-ogg-theora: a1e56fd34408186e4bbccfd4996cb3dc -> 
  custom:container-muxer-webm: aa71ff27fc2769a1b78a27578f13a17b -> 
  custom:container-demuxer-webm: 4f35f7cbe854078d1ac9338744f61a02 -> 
  custom:container-demuxer-ogg: 62fdf1f143b41e24485cea50d1cbac27 -> 
  custom:video-encoder-webm-vp8: eb34c28f22e8b96e1ab97ce403110664 -> 
  custom:framework-osx-AVFoundation: e770b220cccbd017edd2c1fefb359320 -> 
  custom:video-decoder-webm-vp8: 9c59270c3fd7afecdb556c50c9e8de78 -> 
  custom:audio-decoder-ogg-vorbis: bf7c407c2cedff20999df2af8eb42d56 -> 
  custom:audio-encoder-webm-vorbis: bf7c407c2cedff20999df2af8eb42d56 -> 
========================================================================
Received Import Request.
  Time since last request: 204.279873 seconds.
  path: Assets/Character/mixamo.com.anim
  artifactKey: Guid(444e2bb4314744efda67313db4fae52f) Importer(815301076,1909f56bfc062723c751e8b465ee728b)
Start importing Assets/Character/mixamo.com.anim using Guid(444e2bb4314744efda67313db4fae52f) Importer(815301076,1909f56bfc062723c751e8b465ee728b)  -> (artifact id: '479940d60e4b0ef7e470fc3290ba0da1') in 0.074157 seconds 
========================================================================
Received Prepare
Registering precompiled user dll's ...
Registered in 0.001062 seconds.
Begin MonoManager ReloadAssembly
Native extension for OSXStandalone target not found
Refreshing native plugins compatible for Editor in 0.50 ms, found 2 plugins.
Preloading 0 native plugins for Editor in 0.00 ms.
2023-10-31 08:03:43.018 Unity[1283:26471] NSEventModifierFlagFunction specified to -setKeyEquivalentModifierMask: for item <NSMenuItem: 0x7fec0e0f85a0 Font Asset, ke='Command-F12'>, but is only supported for system-provided menu items; will not be used
Mono: successfully reloaded assembly
- Completed reload, in  2.308 seconds
Domain Reload Profiling:
	ReloadAssembly (2309ms)
		BeginReloadAssembly (181ms)
			ExecutionOrderSort (0ms)
			DisableScriptedObjects (30ms)
			BackupInstance (0ms)
			ReleaseScriptingObjects (0ms)
			CreateAndSetChildDomain (53ms)
		EndReloadAssembly (2044ms)
			LoadAssemblies (175ms)
			RebuildTransferFunctionScriptingTraits (0ms)
			SetupTypeCache (300ms)
			ReleaseScriptCaches (1ms)
			RebuildScriptCaches (44ms)
			SetupLoadedEditorAssemblies (1093ms)
				LogAssemblyErrors (0ms)
				InitializePlatformSupportModulesInManaged (11ms)
				SetLoadedEditorAssemblies (2ms)
				RefreshPlugins (1ms)
				BeforeProcessingInitializeOnLoad (258ms)
				ProcessInitializeOnLoadAttributes (759ms)
				ProcessInitializeOnLoadMethodAttributes (63ms)
				AfterProcessingInitializeOnLoad (1ms)
				EditorAssembliesLoaded (0ms)
			ExecutionOrderSort2 (0ms)
			AwakeInstancesAfterBackupRestoration (34ms)
Platform modules already initialized, skipping
Refreshing native plugins compatible for Editor in 0.55 ms, found 2 plugins.
Preloading 0 native plugins for Editor in 0.00 ms.
Unloading 2727 Unused Serialized files (Serialized files now loaded: 0)
System memory in use before: 446.5 MB.
System memory in use after: 446.7 MB.

Unloading 12 unused Assets to reduce memory usage. Loaded Objects now: 3441.
Total: 2.316625 ms (FindLiveObjects: 0.121875 ms CreateObjectMapping: 0.058875 ms MarkObjects: 2.116000 ms  DeleteObjects: 0.018958 ms)

AssetImportParameters requested are different than current active one (requested -> active):
  custom:video-decoder-ogg-theora: a1e56fd34408186e4bbccfd4996cb3dc -> 
  custom:container-muxer-webm: aa71ff27fc2769a1b78a27578f13a17b -> 
  custom:container-demuxer-webm: 4f35f7cbe854078d1ac9338744f61a02 -> 
  custom:container-demuxer-ogg: 62fdf1f143b41e24485cea50d1cbac27 -> 
  custom:video-encoder-webm-vp8: eb34c28f22e8b96e1ab97ce403110664 -> 
  custom:framework-osx-AVFoundation: e770b220cccbd017edd2c1fefb359320 -> 
  custom:video-decoder-webm-vp8: 9c59270c3fd7afecdb556c50c9e8de78 -> 
  custom:audio-decoder-ogg-vorbis: bf7c407c2cedff20999df2af8eb42d56 -> 
  custom:audio-encoder-webm-vorbis: bf7c407c2cedff20999df2af8eb42d56 -> 
========================================================================
Received Prepare
Registering precompiled user dll's ...
Registered in 0.001121 seconds.
Begin MonoManager ReloadAssembly
Native extension for OSXStandalone target not found
Refreshing native plugins compatible for Editor in 0.50 ms, found 2 plugins.
Preloading 0 native plugins for Editor in 0.00 ms.
2023-10-31 08:09:41.113 Unity[1283:26471] NSEventModifierFlagFunction specified to -setKeyEquivalentModifierMask: for item <NSMenuItem: 0x7fec1afa1460 Font Asset, ke='Command-F12'>, but is only supported for system-provided menu items; will not be used
Mono: successfully reloaded assembly
- Completed reload, in  2.291 seconds
Domain Reload Profiling:
	ReloadAssembly (2292ms)
		BeginReloadAssembly (191ms)
			ExecutionOrderSort (0ms)
			DisableScriptedObjects (30ms)
			BackupInstance (0ms)
			ReleaseScriptingObjects (0ms)
			CreateAndSetChildDomain (57ms)
		EndReloadAssembly (2017ms)
			LoadAssemblies (184ms)
			RebuildTransferFunctionScriptingTraits (0ms)
			SetupTypeCache (310ms)
			ReleaseScriptCaches (1ms)
			RebuildScriptCaches (43ms)
			SetupLoadedEditorAssemblies (1046ms)
				LogAssemblyErrors (0ms)
				InitializePlatformSupportModulesInManaged (11ms)
				SetLoadedEditorAssemblies (2ms)
				RefreshPlugins (1ms)
				BeforeProcessingInitializeOnLoad (247ms)
				ProcessInitializeOnLoadAttributes (726ms)
				ProcessInitializeOnLoadMethodAttributes (58ms)
				AfterProcessingInitializeOnLoad (1ms)
				EditorAssembliesLoaded (0ms)
			ExecutionOrderSort2 (0ms)
			AwakeInstancesAfterBackupRestoration (33ms)
Platform modules already initialized, skipping
Refreshing native plugins compatible for Editor in 0.57 ms, found 2 plugins.
Preloading 0 native plugins for Editor in 0.00 ms.
Unloading 2727 Unused Serialized files (Serialized files now loaded: 0)
System memory in use before: 447.4 MB.
System memory in use after: 447.6 MB.

Unloading 12 unused Assets to reduce memory usage. Loaded Objects now: 3444.
Total: 2.413875 ms (FindLiveObjects: 0.139958 ms CreateObjectMapping: 0.066541 ms MarkObjects: 2.183167 ms  DeleteObjects: 0.023583 ms)

AssetImportParameters requested are different than current active one (requested -> active):
  custom:video-decoder-ogg-theora: a1e56fd34408186e4bbccfd4996cb3dc -> 
  custom:container-muxer-webm: aa71ff27fc2769a1b78a27578f13a17b -> 
  custom:container-demuxer-webm: 4f35f7cbe854078d1ac9338744f61a02 -> 
  custom:container-demuxer-ogg: 62fdf1f143b41e24485cea50d1cbac27 -> 
  custom:video-encoder-webm-vp8: eb34c28f22e8b96e1ab97ce403110664 -> 
  custom:framework-osx-AVFoundation: e770b220cccbd017edd2c1fefb359320 -> 
  custom:video-decoder-webm-vp8: 9c59270c3fd7afecdb556c50c9e8de78 -> 
  custom:audio-decoder-ogg-vorbis: bf7c407c2cedff20999df2af8eb42d56 -> 
  custom:audio-encoder-webm-vorbis: bf7c407c2cedff20999df2af8eb42d56 -> 
========================================================================
Received Import Request.
  Time since last request: 638.591761 seconds.
  path: Assets/Scenes/Game Scene.unity
  artifactKey: Guid(37a65a616237048189c9b831c5a5b6b2) Importer(815301076,1909f56bfc062723c751e8b465ee728b)
Start importing Assets/Scenes/Game Scene.unity using Guid(37a65a616237048189c9b831c5a5b6b2) Importer(815301076,1909f56bfc062723c751e8b465ee728b)  -> (artifact id: 'ef3a1585c008563890071a04f5958f3d') in 0.008646 seconds 
